Executing Job 16855 on node01.scc-pilot.plus.ac.at
Running on: node01.scc-pilot.plus.ac.at
Running on CPUs: [32, 33]
Now running cluster_jobs.knee_simulations.knee_simulations
Parameters: []
Keyword Parameters: {'n_seconds': 8, 'knee_freq': 1}
Job ID: 16825, Task ID: 30
Starting Job at 2024-03-30 11:05:12.643770
##########
/home/schmidtfa/git/pyrasa/paper/../../pyrasa/aperiodic_utils.py:66: RuntimeWarning: invalid value encountered in log10
  y_hat = a - np.log10(k + x**b)
/home/schmidtfa/git/pyrasa/paper/../../pyrasa/aperiodic_utils.py:66: RuntimeWarning: invalid value encountered in log10
  y_hat = a - np.log10(k + x**b)
/home/schmidtfa/git/pyrasa/paper/../../pyrasa/aperiodic_utils.py:66: RuntimeWarning: invalid value encountered in log10
  y_hat = a - np.log10(k + x**b)
/home/schmidtfa/git/pyrasa/paper/../../pyrasa/aperiodic_utils.py:66: RuntimeWarning: invalid value encountered in log10
  y_hat = a - np.log10(k + x**b)
##########
Job stopped at 2024-03-30 11:05:19.404879
Execution took 0:00:06.761109
Your job used an average of 1.49 CPUs
Your job asked for 3.72GB of RAM
Your job used a maximum of 0.22GB of RAM
You overestimated you memory usage by 1592.44%.
