Executing Job 17758 on node01.scc-pilot.plus.ac.at
Running on: node01.scc-pilot.plus.ac.at
Running on CPUs: [30, 31]
Now running cluster_jobs.knee_simulations.knee_simulations
Parameters: []
Keyword Parameters: {'fit_func': 'piecewise_linear_loglog', 'n_seconds': 30, 'knee_freq': 3}
Job ID: 17697, Task ID: 61
Starting Job at 2024-03-31 15:09:12.120372
##########
/home/schmidtfa/git/pyrasa/paper/../../pyrasa/aperiodic_utils.py:204: OptimizeWarning: Covariance of the parameters could not be estimated
  p, _ = curve_fit(fit_f, freq_log, psd_log)
/home/schmidtfa/git/pyrasa/paper/../../pyrasa/aperiodic_utils.py:204: OptimizeWarning: Covariance of the parameters could not be estimated
  p, _ = curve_fit(fit_f, freq_log, psd_log)
/home/schmidtfa/git/pyrasa/paper/../../pyrasa/aperiodic_utils.py:204: OptimizeWarning: Covariance of the parameters could not be estimated
  p, _ = curve_fit(fit_f, freq_log, psd_log)
/home/schmidtfa/git/pyrasa/paper/../../pyrasa/aperiodic_utils.py:204: OptimizeWarning: Covariance of the parameters could not be estimated
  p, _ = curve_fit(fit_f, freq_log, psd_log)
##########
Job stopped at 2024-03-31 15:10:21.055073
Execution took 0:01:08.934701
Your job used an average of 1.05 CPUs
Your job asked for 1.86GB of RAM
Your job used a maximum of 0.30GB of RAM
You overestimated you memory usage by 512.94%.
