Executing Job 17786 on node02.scc-pilot.plus.ac.at
Running on: node02.scc-pilot.plus.ac.at
Running on CPUs: [26, 27]
Now running cluster_jobs.knee_simulations.knee_simulations
Parameters: []
Keyword Parameters: {'fit_func': 'piecewise_linear_loglog', 'n_seconds': 60, 'knee_freq': 2}
Job ID: 17697, Task ID: 89
Starting Job at 2024-03-31 15:09:12.566044
##########
/home/schmidtfa/git/pyrasa/paper/../../pyrasa/aperiodic_utils.py:204: OptimizeWarning: Covariance of the parameters could not be estimated
  p, _ = curve_fit(fit_f, freq_log, psd_log)
/home/schmidtfa/git/pyrasa/paper/../../pyrasa/aperiodic_utils.py:204: OptimizeWarning: Covariance of the parameters could not be estimated
  p, _ = curve_fit(fit_f, freq_log, psd_log)
/home/schmidtfa/git/pyrasa/paper/../../pyrasa/aperiodic_utils.py:204: OptimizeWarning: Covariance of the parameters could not be estimated
  p, _ = curve_fit(fit_f, freq_log, psd_log)
/home/schmidtfa/git/pyrasa/paper/../../pyrasa/aperiodic_utils.py:204: OptimizeWarning: Covariance of the parameters could not be estimated
  p, _ = curve_fit(fit_f, freq_log, psd_log)
/home/schmidtfa/git/pyrasa/paper/../../pyrasa/aperiodic_utils.py:204: OptimizeWarning: Covariance of the parameters could not be estimated
  p, _ = curve_fit(fit_f, freq_log, psd_log)
/home/schmidtfa/git/pyrasa/paper/../../pyrasa/aperiodic_utils.py:204: OptimizeWarning: Covariance of the parameters could not be estimated
  p, _ = curve_fit(fit_f, freq_log, psd_log)
##########
Job stopped at 2024-03-31 15:13:22.484768
Execution took 0:04:09.918724
Your job used an average of 1.01 CPUs
Your job asked for 1.86GB of RAM
Your job used a maximum of 0.30GB of RAM
You overestimated you memory usage by 510.68%.
