Executing Job 17814 on node03.scc-pilot.plus.ac.at
Running on: node03.scc-pilot.plus.ac.at
Running on CPUs: [22, 23]
Now running cluster_jobs.knee_simulations.knee_simulations
Parameters: []
Keyword Parameters: {'fit_func': 'piecewise_linear_loglog', 'n_seconds': 180, 'knee_freq': 1}
Job ID: 17697, Task ID: 117
Starting Job at 2024-03-31 15:09:12.932569
##########
/home/schmidtfa/git/pyrasa/paper/../../pyrasa/aperiodic_utils.py:204: OptimizeWarning: Covariance of the parameters could not be estimated
  p, _ = curve_fit(fit_f, freq_log, psd_log)
/home/schmidtfa/git/pyrasa/paper/../../pyrasa/aperiodic_utils.py:204: OptimizeWarning: Covariance of the parameters could not be estimated
  p, _ = curve_fit(fit_f, freq_log, psd_log)
/home/schmidtfa/git/pyrasa/paper/../../pyrasa/aperiodic_utils.py:204: OptimizeWarning: Covariance of the parameters could not be estimated
  p, _ = curve_fit(fit_f, freq_log, psd_log)
/home/schmidtfa/git/pyrasa/paper/../../pyrasa/aperiodic_utils.py:204: OptimizeWarning: Covariance of the parameters could not be estimated
  p, _ = curve_fit(fit_f, freq_log, psd_log)
/home/schmidtfa/git/pyrasa/paper/../../pyrasa/aperiodic_utils.py:204: OptimizeWarning: Covariance of the parameters could not be estimated
  p, _ = curve_fit(fit_f, freq_log, psd_log)
/home/schmidtfa/git/pyrasa/paper/../../pyrasa/aperiodic_utils.py:204: OptimizeWarning: Covariance of the parameters could not be estimated
  p, _ = curve_fit(fit_f, freq_log, psd_log)
##########
Job stopped at 2024-03-31 15:50:45.935800
Execution took 0:41:33.003231
Your job used an average of 1.00 CPUs
Your job asked for 1.86GB of RAM
Your job used a maximum of 0.31GB of RAM
You overestimated you memory usage by 504.69%.
