Executing Job 16660 on node09.scc-pilot.plus.ac.at
Running on: node09.scc-pilot.plus.ac.at
Running on CPUs: [21, 22]
Now running cluster_jobs.knee_simulations.knee_simulations
Parameters: []
Keyword Parameters: {'n_seconds': 4, 'knee_freq': 9}
Job ID: 16651, Task ID: 9
Starting Job at 2024-03-30 11:04:15.952233
##########
/home/schmidtfa/miniconda3/envs/pyrasa/lib/python3.12/site-packages/scipy/signal/_spectral_py.py:589: UserWarning: nperseg = 4000 is greater than input length  = 3961, using nperseg = 3961
  freqs, _, Pxy = _spectral_helper(x, y, fs, window, nperseg, noverlap,
Traceback (most recent call last):
  File "/home/schmidtfa/git/pyrasa/paper/jobs/001/slurm/runner.py", line 70, in <module>
    job_object.run_private()
  File "/home/schmidtfa/git/pyrasa/paper/jobs/001/slurm/plus_slurm/job.py", line 52, in run_private
    return self.run(*self.args, **self.kwargs)
           ^^^^^^^^^^^^^^^^^^^^^^^^^^^^^^^^^^^
  File "/home/schmidtfa/git/pyrasa/paper/cluster_jobs/knee_simulations.py", line 59, in run
    freq_rasa_ap, psd_aperiodics_ap, _ = irasa(cur_signal, 
                                         ^^^^^^^^^^^^^^^^^
  File "/home/schmidtfa/git/pyrasa/paper/../../pyrasa/irasa.py", line 86, in irasa
    psds[i, :] = np.sqrt(psd_up * psd_dw)
                         ~~~~~~~^~~~~~~~
ValueError: operands could not be broadcast together with shapes (1,2001) (1,1981) 
