Executing Job 17342 on node07.scc-pilot.plus.ac.at
Running on: node07.scc-pilot.plus.ac.at
Running on CPUs: [38, 39]
Now running cluster_jobs.knee_simulations.knee_simulations
Parameters: []
Keyword Parameters: {'fit_func': 'double_exponential', 'n_seconds': 300, 'knee_freq': 23}
Job ID: 17000, Task ID: 342
Starting Job at 2024-03-30 22:55:29.313014
##########
/home/schmidtfa/git/pyrasa/paper/../../pyrasa/aperiodic_utils.py:57: RuntimeWarning: invalid value encountered in log10
  y_hat = y_hat + a - np.log10((x**b1) * (k + x**b2))
Traceback (most recent call last):
  File "/home/schmidtfa/git/pyrasa/paper/jobs/003/slurm/runner.py", line 70, in <module>
    job_object.run_private()
  File "/home/schmidtfa/git/pyrasa/paper/jobs/003/slurm/plus_slurm/job.py", line 52, in run_private
    return self.run(*self.args, **self.kwargs)
           ^^^^^^^^^^^^^^^^^^^^^^^^^^^^^^^^^^^
  File "/home/schmidtfa/git/pyrasa/paper/cluster_jobs/knee_simulations.py", line 81, in run
    ap_norasa, gof_norasa = compute_slope(freq_ap[freq_mask],  psds_ap[freq_mask], fit_func=fit_func)
                            ^^^^^^^^^^^^^^^^^^^^^^^^^^^^^^^^^^^^^^^^^^^^^^^^^^^^^^^^^^^^^^^^^^^^^^^^^
  File "/home/schmidtfa/git/pyrasa/paper/../../pyrasa/aperiodic_utils.py", line 178, in compute_slope
    p, _ = curve_fit(fit_f, freq, np.log10(psd)) 
           ^^^^^^^^^^^^^^^^^^^^^^^^^^^^^^^^^^^^^
  File "/home/schmidtfa/miniconda3/envs/pyrasa/lib/python3.12/site-packages/scipy/optimize/_minpack_py.py", line 982, in curve_fit
    raise RuntimeError("Optimal parameters not found: " + errmsg)
RuntimeError: Optimal parameters not found: Number of calls to function has reached maxfev = 1000.
