Executing Job 17214 on node07.scc-pilot.plus.ac.at
Running on: node07.scc-pilot.plus.ac.at
Running on CPUs: [10, 11]
Now running cluster_jobs.knee_simulations.knee_simulations
Parameters: []
Keyword Parameters: {'fit_func': 'double_exponential', 'n_seconds': 8, 'knee_freq': 11}
Job ID: 17000, Task ID: 214
Starting Job at 2024-03-30 22:55:17.753336
##########
/home/schmidtfa/git/pyrasa/paper/../../pyrasa/aperiodic_utils.py:57: RuntimeWarning: invalid value encountered in log10
  y_hat = y_hat + a - np.log10((x**b1) * (k + x**b2))
/home/schmidtfa/git/pyrasa/paper/../../pyrasa/aperiodic_utils.py:57: RuntimeWarning: invalid value encountered in log10
  y_hat = y_hat + a - np.log10((x**b1) * (k + x**b2))
/home/schmidtfa/git/pyrasa/paper/../../pyrasa/aperiodic_utils.py:57: RuntimeWarning: invalid value encountered in log10
  y_hat = y_hat + a - np.log10((x**b1) * (k + x**b2))
/home/schmidtfa/git/pyrasa/paper/../../pyrasa/aperiodic_utils.py:57: RuntimeWarning: invalid value encountered in log10
  y_hat = y_hat + a - np.log10((x**b1) * (k + x**b2))
/home/schmidtfa/git/pyrasa/paper/../../pyrasa/aperiodic_utils.py:57: RuntimeWarning: invalid value encountered in log10
  y_hat = y_hat + a - np.log10((x**b1) * (k + x**b2))
/home/schmidtfa/git/pyrasa/paper/../../pyrasa/aperiodic_utils.py:57: RuntimeWarning: invalid value encountered in log10
  y_hat = y_hat + a - np.log10((x**b1) * (k + x**b2))
/home/schmidtfa/git/pyrasa/paper/../../pyrasa/aperiodic_utils.py:57: RuntimeWarning: invalid value encountered in log10
  y_hat = y_hat + a - np.log10((x**b1) * (k + x**b2))
/home/schmidtfa/git/pyrasa/paper/../../pyrasa/aperiodic_utils.py:57: RuntimeWarning: invalid value encountered in log10
  y_hat = y_hat + a - np.log10((x**b1) * (k + x**b2))
/home/schmidtfa/git/pyrasa/paper/../../pyrasa/aperiodic_utils.py:57: RuntimeWarning: invalid value encountered in log10
  y_hat = y_hat + a - np.log10((x**b1) * (k + x**b2))
##########
Job stopped at 2024-03-30 22:55:25.551386
Execution took 0:00:07.798050
Your job used an average of 1.43 CPUs
Your job asked for 1.86GB of RAM
Your job used a maximum of 0.22GB of RAM
You overestimated you memory usage by 749.31%.
