Executing Job 17332 on node01.scc-pilot.plus.ac.at
Running on: node01.scc-pilot.plus.ac.at
Running on CPUs: [24, 25]
Now running cluster_jobs.knee_simulations.knee_simulations
Parameters: []
Keyword Parameters: {'fit_func': 'double_exponential', 'n_seconds': 300, 'knee_freq': 13}
Job ID: 17000, Task ID: 332
Starting Job at 2024-03-30 22:55:23.597609
##########
/home/schmidtfa/git/pyrasa/paper/../../pyrasa/aperiodic_utils.py:57: RuntimeWarning: invalid value encountered in log10
  y_hat = y_hat + a - np.log10((x**b1) * (k + x**b2))
/home/schmidtfa/git/pyrasa/paper/../../pyrasa/aperiodic_utils.py:57: RuntimeWarning: invalid value encountered in log10
  y_hat = y_hat + a - np.log10((x**b1) * (k + x**b2))
##########
Job stopped at 2024-03-31 00:38:16.142460
Execution took 1:42:52.544851
Your job used an average of 1.00 CPUs
Your job asked for 1.86GB of RAM
Your job used a maximum of 0.26GB of RAM
You overestimated you memory usage by 604.76%.
