Executing Job 17030 on node01.scc-pilot.plus.ac.at
Running on: node01.scc-pilot.plus.ac.at
Running on CPUs: [32, 33]
Now running cluster_jobs.knee_simulations.knee_simulations
Parameters: []
Keyword Parameters: {'fit_func': 'knee', 'n_seconds': 8, 'knee_freq': 1}
Job ID: 17000, Task ID: 30
Starting Job at 2024-03-30 22:55:15.423752
##########
/home/schmidtfa/git/pyrasa/paper/../../pyrasa/aperiodic_utils.py:66: RuntimeWarning: invalid value encountered in log10
  y_hat = a - np.log10(k + x**b)
/home/schmidtfa/git/pyrasa/paper/../../pyrasa/aperiodic_utils.py:66: RuntimeWarning: invalid value encountered in log10
  y_hat = a - np.log10(k + x**b)
/home/schmidtfa/git/pyrasa/paper/../../pyrasa/aperiodic_utils.py:66: RuntimeWarning: invalid value encountered in log10
  y_hat = a - np.log10(k + x**b)
##########
Job stopped at 2024-03-30 22:55:24.403725
Execution took 0:00:08.979973
Your job used an average of 1.35 CPUs
Your job asked for 1.86GB of RAM
Your job used a maximum of 0.22GB of RAM
You overestimated you memory usage by 749.69%.
