Executing Job 17268 on node08.scc-pilot.plus.ac.at
Running on: node08.scc-pilot.plus.ac.at
Running on CPUs: [58, 59]
Now running cluster_jobs.knee_simulations.knee_simulations
Parameters: []
Keyword Parameters: {'fit_func': 'double_exponential', 'n_seconds': 60, 'knee_freq': 7}
Job ID: 17000, Task ID: 268
Starting Job at 2024-03-30 22:55:19.339585
##########
/home/schmidtfa/git/pyrasa/paper/../../pyrasa/aperiodic_utils.py:57: RuntimeWarning: invalid value encountered in log10
  y_hat = y_hat + a - np.log10((x**b1) * (k + x**b2))
/home/schmidtfa/git/pyrasa/paper/../../pyrasa/aperiodic_utils.py:57: RuntimeWarning: invalid value encountered in log10
  y_hat = y_hat + a - np.log10((x**b1) * (k + x**b2))
##########
Job stopped at 2024-03-30 22:59:22.133775
Execution took 0:04:02.794190
Your job used an average of 1.01 CPUs
Your job asked for 1.86GB of RAM
Your job used a maximum of 0.22GB of RAM
You overestimated you memory usage by 733.52%.
