Executing Job 17880 on node09.scc-pilot.plus.ac.at
Running on: node09.scc-pilot.plus.ac.at
Running on CPUs: [17, 18]
Now running cluster_jobs.knee_simulations.knee_simulations
Parameters: []
Keyword Parameters: {'fit_func': 'knee', 'exponent_1': 0, 'n_seconds': 4, 'knee_freq': 7}
Job ID: 17873, Task ID: 7
Starting Job at 2024-04-01 09:49:47.148332
##########
/home/schmidtfa/miniconda3/envs/pyrasa/lib/python3.12/site-packages/scipy/signal/_spectral_py.py:589: UserWarning: nperseg = 4000 is greater than input length  = 3961, using nperseg = 3961
  freqs, _, Pxy = _spectral_helper(x, y, fs, window, nperseg, noverlap,
/home/schmidtfa/miniconda3/envs/pyrasa/lib/python3.12/site-packages/scipy/signal/_spectral_py.py:589: UserWarning: nperseg = 4000 is greater than input length  = 3922, using nperseg = 3922
  freqs, _, Pxy = _spectral_helper(x, y, fs, window, nperseg, noverlap,
/home/schmidtfa/miniconda3/envs/pyrasa/lib/python3.12/site-packages/scipy/signal/_spectral_py.py:589: UserWarning: nperseg = 4000 is greater than input length  = 3884, using nperseg = 3884
  freqs, _, Pxy = _spectral_helper(x, y, fs, window, nperseg, noverlap,
/home/schmidtfa/miniconda3/envs/pyrasa/lib/python3.12/site-packages/scipy/signal/_spectral_py.py:589: UserWarning: nperseg = 4000 is greater than input length  = 3847, using nperseg = 3847
  freqs, _, Pxy = _spectral_helper(x, y, fs, window, nperseg, noverlap,
/home/schmidtfa/miniconda3/envs/pyrasa/lib/python3.12/site-packages/scipy/signal/_spectral_py.py:589: UserWarning: nperseg = 4000 is greater than input length  = 3810, using nperseg = 3810
  freqs, _, Pxy = _spectral_helper(x, y, fs, window, nperseg, noverlap,
/home/schmidtfa/miniconda3/envs/pyrasa/lib/python3.12/site-packages/scipy/signal/_spectral_py.py:589: UserWarning: nperseg = 4000 is greater than input length  = 3774, using nperseg = 3774
  freqs, _, Pxy = _spectral_helper(x, y, fs, window, nperseg, noverlap,
/home/schmidtfa/miniconda3/envs/pyrasa/lib/python3.12/site-packages/scipy/signal/_spectral_py.py:589: UserWarning: nperseg = 4000 is greater than input length  = 3739, using nperseg = 3739
  freqs, _, Pxy = _spectral_helper(x, y, fs, window, nperseg, noverlap,
/home/schmidtfa/miniconda3/envs/pyrasa/lib/python3.12/site-packages/scipy/signal/_spectral_py.py:589: UserWarning: nperseg = 4000 is greater than input length  = 3704, using nperseg = 3704
  freqs, _, Pxy = _spectral_helper(x, y, fs, window, nperseg, noverlap,
/home/schmidtfa/miniconda3/envs/pyrasa/lib/python3.12/site-packages/scipy/signal/_spectral_py.py:589: UserWarning: nperseg = 4000 is greater than input length  = 3670, using nperseg = 3670
  freqs, _, Pxy = _spectral_helper(x, y, fs, window, nperseg, noverlap,
/home/schmidtfa/miniconda3/envs/pyrasa/lib/python3.12/site-packages/scipy/signal/_spectral_py.py:589: UserWarning: nperseg = 4000 is greater than input length  = 3637, using nperseg = 3637
  freqs, _, Pxy = _spectral_helper(x, y, fs, window, nperseg, noverlap,
/home/schmidtfa/miniconda3/envs/pyrasa/lib/python3.12/site-packages/scipy/signal/_spectral_py.py:589: UserWarning: nperseg = 4000 is greater than input length  = 3604, using nperseg = 3604
  freqs, _, Pxy = _spectral_helper(x, y, fs, window, nperseg, noverlap,
/home/schmidtfa/miniconda3/envs/pyrasa/lib/python3.12/site-packages/scipy/signal/_spectral_py.py:589: UserWarning: nperseg = 4000 is greater than input length  = 3572, using nperseg = 3572
  freqs, _, Pxy = _spectral_helper(x, y, fs, window, nperseg, noverlap,
/home/schmidtfa/miniconda3/envs/pyrasa/lib/python3.12/site-packages/scipy/signal/_spectral_py.py:589: UserWarning: nperseg = 4000 is greater than input length  = 3540, using nperseg = 3540
  freqs, _, Pxy = _spectral_helper(x, y, fs, window, nperseg, noverlap,
/home/schmidtfa/miniconda3/envs/pyrasa/lib/python3.12/site-packages/scipy/signal/_spectral_py.py:589: UserWarning: nperseg = 4000 is greater than input length  = 3509, using nperseg = 3509
  freqs, _, Pxy = _spectral_helper(x, y, fs, window, nperseg, noverlap,
/home/schmidtfa/miniconda3/envs/pyrasa/lib/python3.12/site-packages/scipy/signal/_spectral_py.py:589: UserWarning: nperseg = 4000 is greater than input length  = 3479, using nperseg = 3479
  freqs, _, Pxy = _spectral_helper(x, y, fs, window, nperseg, noverlap,
/home/schmidtfa/miniconda3/envs/pyrasa/lib/python3.12/site-packages/scipy/signal/_spectral_py.py:589: UserWarning: nperseg = 4000 is greater than input length  = 3449, using nperseg = 3449
  freqs, _, Pxy = _spectral_helper(x, y, fs, window, nperseg, noverlap,
/home/schmidtfa/miniconda3/envs/pyrasa/lib/python3.12/site-packages/scipy/signal/_spectral_py.py:589: UserWarning: nperseg = 4000 is greater than input length  = 3419, using nperseg = 3419
  freqs, _, Pxy = _spectral_helper(x, y, fs, window, nperseg, noverlap,
/home/schmidtfa/miniconda3/envs/pyrasa/lib/python3.12/site-packages/scipy/signal/_spectral_py.py:589: UserWarning: nperseg = 4000 is greater than input length  = 3390, using nperseg = 3390
  freqs, _, Pxy = _spectral_helper(x, y, fs, window, nperseg, noverlap,
/home/schmidtfa/miniconda3/envs/pyrasa/lib/python3.12/site-packages/scipy/signal/_spectral_py.py:589: UserWarning: nperseg = 4000 is greater than input length  = 3362, using nperseg = 3362
  freqs, _, Pxy = _spectral_helper(x, y, fs, window, nperseg, noverlap,
/home/schmidtfa/miniconda3/envs/pyrasa/lib/python3.12/site-packages/scipy/signal/_spectral_py.py:589: UserWarning: nperseg = 4000 is greater than input length  = 3334, using nperseg = 3334
  freqs, _, Pxy = _spectral_helper(x, y, fs, window, nperseg, noverlap,
/home/schmidtfa/miniconda3/envs/pyrasa/lib/python3.12/site-packages/scipy/signal/_spectral_py.py:589: UserWarning: nperseg = 4000 is greater than input length  = 3306, using nperseg = 3306
  freqs, _, Pxy = _spectral_helper(x, y, fs, window, nperseg, noverlap,
/home/schmidtfa/miniconda3/envs/pyrasa/lib/python3.12/site-packages/scipy/signal/_spectral_py.py:589: UserWarning: nperseg = 4000 is greater than input length  = 3279, using nperseg = 3279
  freqs, _, Pxy = _spectral_helper(x, y, fs, window, nperseg, noverlap,
/home/schmidtfa/miniconda3/envs/pyrasa/lib/python3.12/site-packages/scipy/signal/_spectral_py.py:589: UserWarning: nperseg = 4000 is greater than input length  = 3253, using nperseg = 3253
  freqs, _, Pxy = _spectral_helper(x, y, fs, window, nperseg, noverlap,
/home/schmidtfa/miniconda3/envs/pyrasa/lib/python3.12/site-packages/scipy/signal/_spectral_py.py:589: UserWarning: nperseg = 4000 is greater than input length  = 3226, using nperseg = 3226
  freqs, _, Pxy = _spectral_helper(x, y, fs, window, nperseg, noverlap,
/home/schmidtfa/miniconda3/envs/pyrasa/lib/python3.12/site-packages/scipy/signal/_spectral_py.py:589: UserWarning: nperseg = 4000 is greater than input length  = 3200, using nperseg = 3200
  freqs, _, Pxy = _spectral_helper(x, y, fs, window, nperseg, noverlap,
/home/schmidtfa/miniconda3/envs/pyrasa/lib/python3.12/site-packages/scipy/signal/_spectral_py.py:589: UserWarning: nperseg = 4000 is greater than input length  = 3175, using nperseg = 3175
  freqs, _, Pxy = _spectral_helper(x, y, fs, window, nperseg, noverlap,
/home/schmidtfa/miniconda3/envs/pyrasa/lib/python3.12/site-packages/scipy/signal/_spectral_py.py:589: UserWarning: nperseg = 4000 is greater than input length  = 3150, using nperseg = 3150
  freqs, _, Pxy = _spectral_helper(x, y, fs, window, nperseg, noverlap,
/home/schmidtfa/miniconda3/envs/pyrasa/lib/python3.12/site-packages/scipy/signal/_spectral_py.py:589: UserWarning: nperseg = 4000 is greater than input length  = 3125, using nperseg = 3125
  freqs, _, Pxy = _spectral_helper(x, y, fs, window, nperseg, noverlap,
/home/schmidtfa/miniconda3/envs/pyrasa/lib/python3.12/site-packages/scipy/signal/_spectral_py.py:589: UserWarning: nperseg = 4000 is greater than input length  = 3101, using nperseg = 3101
  freqs, _, Pxy = _spectral_helper(x, y, fs, window, nperseg, noverlap,
/home/schmidtfa/miniconda3/envs/pyrasa/lib/python3.12/site-packages/scipy/signal/_spectral_py.py:589: UserWarning: nperseg = 4000 is greater than input length  = 3077, using nperseg = 3077
  freqs, _, Pxy = _spectral_helper(x, y, fs, window, nperseg, noverlap,
/home/schmidtfa/miniconda3/envs/pyrasa/lib/python3.12/site-packages/scipy/signal/_spectral_py.py:589: UserWarning: nperseg = 4000 is greater than input length  = 3054, using nperseg = 3054
  freqs, _, Pxy = _spectral_helper(x, y, fs, window, nperseg, noverlap,
/home/schmidtfa/miniconda3/envs/pyrasa/lib/python3.12/site-packages/scipy/signal/_spectral_py.py:589: UserWarning: nperseg = 4000 is greater than input length  = 3031, using nperseg = 3031
  freqs, _, Pxy = _spectral_helper(x, y, fs, window, nperseg, noverlap,
/home/schmidtfa/miniconda3/envs/pyrasa/lib/python3.12/site-packages/scipy/signal/_spectral_py.py:589: UserWarning: nperseg = 4000 is greater than input length  = 3008, using nperseg = 3008
  freqs, _, Pxy = _spectral_helper(x, y, fs, window, nperseg, noverlap,
/home/schmidtfa/miniconda3/envs/pyrasa/lib/python3.12/site-packages/scipy/signal/_spectral_py.py:589: UserWarning: nperseg = 4000 is greater than input length  = 2986, using nperseg = 2986
  freqs, _, Pxy = _spectral_helper(x, y, fs, window, nperseg, noverlap,
/home/schmidtfa/miniconda3/envs/pyrasa/lib/python3.12/site-packages/scipy/signal/_spectral_py.py:589: UserWarning: nperseg = 4000 is greater than input length  = 2963, using nperseg = 2963
  freqs, _, Pxy = _spectral_helper(x, y, fs, window, nperseg, noverlap,
/home/schmidtfa/miniconda3/envs/pyrasa/lib/python3.12/site-packages/scipy/signal/_spectral_py.py:589: UserWarning: nperseg = 4000 is greater than input length  = 2942, using nperseg = 2942
  freqs, _, Pxy = _spectral_helper(x, y, fs, window, nperseg, noverlap,
/home/schmidtfa/miniconda3/envs/pyrasa/lib/python3.12/site-packages/scipy/signal/_spectral_py.py:589: UserWarning: nperseg = 4000 is greater than input length  = 2920, using nperseg = 2920
  freqs, _, Pxy = _spectral_helper(x, y, fs, window, nperseg, noverlap,
/home/schmidtfa/miniconda3/envs/pyrasa/lib/python3.12/site-packages/scipy/signal/_spectral_py.py:589: UserWarning: nperseg = 4000 is greater than input length  = 2899, using nperseg = 2899
  freqs, _, Pxy = _spectral_helper(x, y, fs, window, nperseg, noverlap,
/home/schmidtfa/miniconda3/envs/pyrasa/lib/python3.12/site-packages/scipy/signal/_spectral_py.py:589: UserWarning: nperseg = 4000 is greater than input length  = 2878, using nperseg = 2878
  freqs, _, Pxy = _spectral_helper(x, y, fs, window, nperseg, noverlap,
/home/schmidtfa/miniconda3/envs/pyrasa/lib/python3.12/site-packages/scipy/signal/_spectral_py.py:589: UserWarning: nperseg = 4000 is greater than input length  = 2858, using nperseg = 2858
  freqs, _, Pxy = _spectral_helper(x, y, fs, window, nperseg, noverlap,
/home/schmidtfa/miniconda3/envs/pyrasa/lib/python3.12/site-packages/scipy/signal/_spectral_py.py:589: UserWarning: nperseg = 4000 is greater than input length  = 2837, using nperseg = 2837
  freqs, _, Pxy = _spectral_helper(x, y, fs, window, nperseg, noverlap,
/home/schmidtfa/miniconda3/envs/pyrasa/lib/python3.12/site-packages/scipy/signal/_spectral_py.py:589: UserWarning: nperseg = 4000 is greater than input length  = 2817, using nperseg = 2817
  freqs, _, Pxy = _spectral_helper(x, y, fs, window, nperseg, noverlap,
/home/schmidtfa/miniconda3/envs/pyrasa/lib/python3.12/site-packages/scipy/signal/_spectral_py.py:589: UserWarning: nperseg = 4000 is greater than input length  = 2798, using nperseg = 2798
  freqs, _, Pxy = _spectral_helper(x, y, fs, window, nperseg, noverlap,
/home/schmidtfa/miniconda3/envs/pyrasa/lib/python3.12/site-packages/scipy/signal/_spectral_py.py:589: UserWarning: nperseg = 4000 is greater than input length  = 2778, using nperseg = 2778
  freqs, _, Pxy = _spectral_helper(x, y, fs, window, nperseg, noverlap,
/home/schmidtfa/miniconda3/envs/pyrasa/lib/python3.12/site-packages/scipy/signal/_spectral_py.py:589: UserWarning: nperseg = 4000 is greater than input length  = 2759, using nperseg = 2759
  freqs, _, Pxy = _spectral_helper(x, y, fs, window, nperseg, noverlap,
/home/schmidtfa/miniconda3/envs/pyrasa/lib/python3.12/site-packages/scipy/signal/_spectral_py.py:589: UserWarning: nperseg = 4000 is greater than input length  = 2740, using nperseg = 2740
  freqs, _, Pxy = _spectral_helper(x, y, fs, window, nperseg, noverlap,
/home/schmidtfa/miniconda3/envs/pyrasa/lib/python3.12/site-packages/scipy/signal/_spectral_py.py:589: UserWarning: nperseg = 4000 is greater than input length  = 2722, using nperseg = 2722
  freqs, _, Pxy = _spectral_helper(x, y, fs, window, nperseg, noverlap,
/home/schmidtfa/miniconda3/envs/pyrasa/lib/python3.12/site-packages/scipy/signal/_spectral_py.py:589: UserWarning: nperseg = 4000 is greater than input length  = 2703, using nperseg = 2703
  freqs, _, Pxy = _spectral_helper(x, y, fs, window, nperseg, noverlap,
/home/schmidtfa/miniconda3/envs/pyrasa/lib/python3.12/site-packages/scipy/signal/_spectral_py.py:589: UserWarning: nperseg = 4000 is greater than input length  = 2685, using nperseg = 2685
  freqs, _, Pxy = _spectral_helper(x, y, fs, window, nperseg, noverlap,
/home/schmidtfa/miniconda3/envs/pyrasa/lib/python3.12/site-packages/scipy/signal/_spectral_py.py:589: UserWarning: nperseg = 4000 is greater than input length  = 2667, using nperseg = 2667
  freqs, _, Pxy = _spectral_helper(x, y, fs, window, nperseg, noverlap,
/home/schmidtfa/miniconda3/envs/pyrasa/lib/python3.12/site-packages/scipy/signal/_spectral_py.py:589: UserWarning: nperseg = 4000 is greater than input length  = 2650, using nperseg = 2650
  freqs, _, Pxy = _spectral_helper(x, y, fs, window, nperseg, noverlap,
/home/schmidtfa/miniconda3/envs/pyrasa/lib/python3.12/site-packages/scipy/signal/_spectral_py.py:589: UserWarning: nperseg = 4000 is greater than input length  = 2632, using nperseg = 2632
  freqs, _, Pxy = _spectral_helper(x, y, fs, window, nperseg, noverlap,
/home/schmidtfa/miniconda3/envs/pyrasa/lib/python3.12/site-packages/scipy/signal/_spectral_py.py:589: UserWarning: nperseg = 4000 is greater than input length  = 2615, using nperseg = 2615
  freqs, _, Pxy = _spectral_helper(x, y, fs, window, nperseg, noverlap,
/home/schmidtfa/miniconda3/envs/pyrasa/lib/python3.12/site-packages/scipy/signal/_spectral_py.py:589: UserWarning: nperseg = 4000 is greater than input length  = 2598, using nperseg = 2598
  freqs, _, Pxy = _spectral_helper(x, y, fs, window, nperseg, noverlap,
/home/schmidtfa/miniconda3/envs/pyrasa/lib/python3.12/site-packages/scipy/signal/_spectral_py.py:589: UserWarning: nperseg = 4000 is greater than input length  = 2581, using nperseg = 2581
  freqs, _, Pxy = _spectral_helper(x, y, fs, window, nperseg, noverlap,
/home/schmidtfa/miniconda3/envs/pyrasa/lib/python3.12/site-packages/scipy/signal/_spectral_py.py:589: UserWarning: nperseg = 4000 is greater than input length  = 2565, using nperseg = 2565
  freqs, _, Pxy = _spectral_helper(x, y, fs, window, nperseg, noverlap,
/home/schmidtfa/miniconda3/envs/pyrasa/lib/python3.12/site-packages/scipy/signal/_spectral_py.py:589: UserWarning: nperseg = 4000 is greater than input length  = 2548, using nperseg = 2548
  freqs, _, Pxy = _spectral_helper(x, y, fs, window, nperseg, noverlap,
/home/schmidtfa/miniconda3/envs/pyrasa/lib/python3.12/site-packages/scipy/signal/_spectral_py.py:589: UserWarning: nperseg = 4000 is greater than input length  = 2532, using nperseg = 2532
  freqs, _, Pxy = _spectral_helper(x, y, fs, window, nperseg, noverlap,
/home/schmidtfa/miniconda3/envs/pyrasa/lib/python3.12/site-packages/scipy/signal/_spectral_py.py:589: UserWarning: nperseg = 4000 is greater than input length  = 2516, using nperseg = 2516
  freqs, _, Pxy = _spectral_helper(x, y, fs, window, nperseg, noverlap,
/home/schmidtfa/miniconda3/envs/pyrasa/lib/python3.12/site-packages/scipy/signal/_spectral_py.py:589: UserWarning: nperseg = 4000 is greater than input length  = 2500, using nperseg = 2500
  freqs, _, Pxy = _spectral_helper(x, y, fs, window, nperseg, noverlap,
/home/schmidtfa/miniconda3/envs/pyrasa/lib/python3.12/site-packages/scipy/signal/_spectral_py.py:589: UserWarning: nperseg = 4000 is greater than input length  = 2485, using nperseg = 2485
  freqs, _, Pxy = _spectral_helper(x, y, fs, window, nperseg, noverlap,
/home/schmidtfa/miniconda3/envs/pyrasa/lib/python3.12/site-packages/scipy/signal/_spectral_py.py:589: UserWarning: nperseg = 4000 is greater than input length  = 2470, using nperseg = 2470
  freqs, _, Pxy = _spectral_helper(x, y, fs, window, nperseg, noverlap,
/home/schmidtfa/miniconda3/envs/pyrasa/lib/python3.12/site-packages/scipy/signal/_spectral_py.py:589: UserWarning: nperseg = 4000 is greater than input length  = 2454, using nperseg = 2454
  freqs, _, Pxy = _spectral_helper(x, y, fs, window, nperseg, noverlap,
/home/schmidtfa/miniconda3/envs/pyrasa/lib/python3.12/site-packages/scipy/signal/_spectral_py.py:589: UserWarning: nperseg = 4000 is greater than input length  = 2440, using nperseg = 2440
  freqs, _, Pxy = _spectral_helper(x, y, fs, window, nperseg, noverlap,
/home/schmidtfa/miniconda3/envs/pyrasa/lib/python3.12/site-packages/scipy/signal/_spectral_py.py:589: UserWarning: nperseg = 4000 is greater than input length  = 2425, using nperseg = 2425
  freqs, _, Pxy = _spectral_helper(x, y, fs, window, nperseg, noverlap,
/home/schmidtfa/miniconda3/envs/pyrasa/lib/python3.12/site-packages/scipy/signal/_spectral_py.py:589: UserWarning: nperseg = 4000 is greater than input length  = 2410, using nperseg = 2410
  freqs, _, Pxy = _spectral_helper(x, y, fs, window, nperseg, noverlap,
/home/schmidtfa/miniconda3/envs/pyrasa/lib/python3.12/site-packages/scipy/signal/_spectral_py.py:589: UserWarning: nperseg = 4000 is greater than input length  = 2396, using nperseg = 2396
  freqs, _, Pxy = _spectral_helper(x, y, fs, window, nperseg, noverlap,
/home/schmidtfa/miniconda3/envs/pyrasa/lib/python3.12/site-packages/scipy/signal/_spectral_py.py:589: UserWarning: nperseg = 4000 is greater than input length  = 2381, using nperseg = 2381
  freqs, _, Pxy = _spectral_helper(x, y, fs, window, nperseg, noverlap,
/home/schmidtfa/miniconda3/envs/pyrasa/lib/python3.12/site-packages/scipy/signal/_spectral_py.py:589: UserWarning: nperseg = 4000 is greater than input length  = 2367, using nperseg = 2367
  freqs, _, Pxy = _spectral_helper(x, y, fs, window, nperseg, noverlap,
/home/schmidtfa/miniconda3/envs/pyrasa/lib/python3.12/site-packages/scipy/signal/_spectral_py.py:589: UserWarning: nperseg = 4000 is greater than input length  = 2353, using nperseg = 2353
  freqs, _, Pxy = _spectral_helper(x, y, fs, window, nperseg, noverlap,
/home/schmidtfa/miniconda3/envs/pyrasa/lib/python3.12/site-packages/scipy/signal/_spectral_py.py:589: UserWarning: nperseg = 4000 is greater than input length  = 2340, using nperseg = 2340
  freqs, _, Pxy = _spectral_helper(x, y, fs, window, nperseg, noverlap,
/home/schmidtfa/miniconda3/envs/pyrasa/lib/python3.12/site-packages/scipy/signal/_spectral_py.py:589: UserWarning: nperseg = 4000 is greater than input length  = 2326, using nperseg = 2326
  freqs, _, Pxy = _spectral_helper(x, y, fs, window, nperseg, noverlap,
/home/schmidtfa/miniconda3/envs/pyrasa/lib/python3.12/site-packages/scipy/signal/_spectral_py.py:589: UserWarning: nperseg = 4000 is greater than input length  = 2313, using nperseg = 2313
  freqs, _, Pxy = _spectral_helper(x, y, fs, window, nperseg, noverlap,
/home/schmidtfa/miniconda3/envs/pyrasa/lib/python3.12/site-packages/scipy/signal/_spectral_py.py:589: UserWarning: nperseg = 4000 is greater than input length  = 2299, using nperseg = 2299
  freqs, _, Pxy = _spectral_helper(x, y, fs, window, nperseg, noverlap,
/home/schmidtfa/miniconda3/envs/pyrasa/lib/python3.12/site-packages/scipy/signal/_spectral_py.py:589: UserWarning: nperseg = 4000 is greater than input length  = 2286, using nperseg = 2286
  freqs, _, Pxy = _spectral_helper(x, y, fs, window, nperseg, noverlap,
/home/schmidtfa/miniconda3/envs/pyrasa/lib/python3.12/site-packages/scipy/signal/_spectral_py.py:589: UserWarning: nperseg = 4000 is greater than input length  = 2273, using nperseg = 2273
  freqs, _, Pxy = _spectral_helper(x, y, fs, window, nperseg, noverlap,
/home/schmidtfa/miniconda3/envs/pyrasa/lib/python3.12/site-packages/scipy/signal/_spectral_py.py:589: UserWarning: nperseg = 4000 is greater than input length  = 2260, using nperseg = 2260
  freqs, _, Pxy = _spectral_helper(x, y, fs, window, nperseg, noverlap,
/home/schmidtfa/miniconda3/envs/pyrasa/lib/python3.12/site-packages/scipy/signal/_spectral_py.py:589: UserWarning: nperseg = 4000 is greater than input length  = 2248, using nperseg = 2248
  freqs, _, Pxy = _spectral_helper(x, y, fs, window, nperseg, noverlap,
/home/schmidtfa/miniconda3/envs/pyrasa/lib/python3.12/site-packages/scipy/signal/_spectral_py.py:589: UserWarning: nperseg = 4000 is greater than input length  = 2235, using nperseg = 2235
  freqs, _, Pxy = _spectral_helper(x, y, fs, window, nperseg, noverlap,
/home/schmidtfa/miniconda3/envs/pyrasa/lib/python3.12/site-packages/scipy/signal/_spectral_py.py:589: UserWarning: nperseg = 4000 is greater than input length  = 2223, using nperseg = 2223
  freqs, _, Pxy = _spectral_helper(x, y, fs, window, nperseg, noverlap,
/home/schmidtfa/miniconda3/envs/pyrasa/lib/python3.12/site-packages/scipy/signal/_spectral_py.py:589: UserWarning: nperseg = 4000 is greater than input length  = 2210, using nperseg = 2210
  freqs, _, Pxy = _spectral_helper(x, y, fs, window, nperseg, noverlap,
/home/schmidtfa/miniconda3/envs/pyrasa/lib/python3.12/site-packages/scipy/signal/_spectral_py.py:589: UserWarning: nperseg = 4000 is greater than input length  = 2198, using nperseg = 2198
  freqs, _, Pxy = _spectral_helper(x, y, fs, window, nperseg, noverlap,
/home/schmidtfa/miniconda3/envs/pyrasa/lib/python3.12/site-packages/scipy/signal/_spectral_py.py:589: UserWarning: nperseg = 4000 is greater than input length  = 2186, using nperseg = 2186
  freqs, _, Pxy = _spectral_helper(x, y, fs, window, nperseg, noverlap,
/home/schmidtfa/miniconda3/envs/pyrasa/lib/python3.12/site-packages/scipy/signal/_spectral_py.py:589: UserWarning: nperseg = 4000 is greater than input length  = 2174, using nperseg = 2174
  freqs, _, Pxy = _spectral_helper(x, y, fs, window, nperseg, noverlap,
/home/schmidtfa/miniconda3/envs/pyrasa/lib/python3.12/site-packages/scipy/signal/_spectral_py.py:589: UserWarning: nperseg = 4000 is greater than input length  = 2163, using nperseg = 2163
  freqs, _, Pxy = _spectral_helper(x, y, fs, window, nperseg, noverlap,
/home/schmidtfa/miniconda3/envs/pyrasa/lib/python3.12/site-packages/scipy/signal/_spectral_py.py:589: UserWarning: nperseg = 4000 is greater than input length  = 2151, using nperseg = 2151
  freqs, _, Pxy = _spectral_helper(x, y, fs, window, nperseg, noverlap,
/home/schmidtfa/miniconda3/envs/pyrasa/lib/python3.12/site-packages/scipy/signal/_spectral_py.py:589: UserWarning: nperseg = 4000 is greater than input length  = 2140, using nperseg = 2140
  freqs, _, Pxy = _spectral_helper(x, y, fs, window, nperseg, noverlap,
/home/schmidtfa/miniconda3/envs/pyrasa/lib/python3.12/site-packages/scipy/signal/_spectral_py.py:589: UserWarning: nperseg = 4000 is greater than input length  = 2128, using nperseg = 2128
  freqs, _, Pxy = _spectral_helper(x, y, fs, window, nperseg, noverlap,
/home/schmidtfa/miniconda3/envs/pyrasa/lib/python3.12/site-packages/scipy/signal/_spectral_py.py:589: UserWarning: nperseg = 4000 is greater than input length  = 2117, using nperseg = 2117
  freqs, _, Pxy = _spectral_helper(x, y, fs, window, nperseg, noverlap,
/home/schmidtfa/miniconda3/envs/pyrasa/lib/python3.12/site-packages/scipy/signal/_spectral_py.py:589: UserWarning: nperseg = 4000 is greater than input length  = 2106, using nperseg = 2106
  freqs, _, Pxy = _spectral_helper(x, y, fs, window, nperseg, noverlap,
/home/schmidtfa/miniconda3/envs/pyrasa/lib/python3.12/site-packages/scipy/signal/_spectral_py.py:589: UserWarning: nperseg = 4000 is greater than input length  = 2095, using nperseg = 2095
  freqs, _, Pxy = _spectral_helper(x, y, fs, window, nperseg, noverlap,
/home/schmidtfa/miniconda3/envs/pyrasa/lib/python3.12/site-packages/scipy/signal/_spectral_py.py:589: UserWarning: nperseg = 4000 is greater than input length  = 2084, using nperseg = 2084
  freqs, _, Pxy = _spectral_helper(x, y, fs, window, nperseg, noverlap,
/home/schmidtfa/miniconda3/envs/pyrasa/lib/python3.12/site-packages/scipy/signal/_spectral_py.py:589: UserWarning: nperseg = 4000 is greater than input length  = 2073, using nperseg = 2073
  freqs, _, Pxy = _spectral_helper(x, y, fs, window, nperseg, noverlap,
/home/schmidtfa/miniconda3/envs/pyrasa/lib/python3.12/site-packages/scipy/signal/_spectral_py.py:589: UserWarning: nperseg = 4000 is greater than input length  = 2062, using nperseg = 2062
  freqs, _, Pxy = _spectral_helper(x, y, fs, window, nperseg, noverlap,
/home/schmidtfa/miniconda3/envs/pyrasa/lib/python3.12/site-packages/scipy/signal/_spectral_py.py:589: UserWarning: nperseg = 4000 is greater than input length  = 2052, using nperseg = 2052
  freqs, _, Pxy = _spectral_helper(x, y, fs, window, nperseg, noverlap,
/home/schmidtfa/miniconda3/envs/pyrasa/lib/python3.12/site-packages/scipy/signal/_spectral_py.py:589: UserWarning: nperseg = 4000 is greater than input length  = 2041, using nperseg = 2041
  freqs, _, Pxy = _spectral_helper(x, y, fs, window, nperseg, noverlap,
/home/schmidtfa/miniconda3/envs/pyrasa/lib/python3.12/site-packages/scipy/signal/_spectral_py.py:589: UserWarning: nperseg = 4000 is greater than input length  = 2031, using nperseg = 2031
  freqs, _, Pxy = _spectral_helper(x, y, fs, window, nperseg, noverlap,
/home/schmidtfa/miniconda3/envs/pyrasa/lib/python3.12/site-packages/scipy/signal/_spectral_py.py:589: UserWarning: nperseg = 4000 is greater than input length  = 2021, using nperseg = 2021
  freqs, _, Pxy = _spectral_helper(x, y, fs, window, nperseg, noverlap,
/home/schmidtfa/miniconda3/envs/pyrasa/lib/python3.12/site-packages/scipy/signal/_spectral_py.py:589: UserWarning: nperseg = 4000 is greater than input length  = 2011, using nperseg = 2011
  freqs, _, Pxy = _spectral_helper(x, y, fs, window, nperseg, noverlap,
Traceback (most recent call last):
  File "/home/schmidtfa/git/pyrasa/paper/jobs/007/slurm/runner.py", line 70, in <module>
    job_object.run_private()
  File "/home/schmidtfa/git/pyrasa/paper/jobs/007/slurm/plus_slurm/job.py", line 52, in run_private
    return self.run(*self.args, **self.kwargs)
           ^^^^^^^^^^^^^^^^^^^^^^^^^^^^^^^^^^^
  File "/home/schmidtfa/git/pyrasa/paper/cluster_jobs/knee_simulations.py", line 79, in run
    ap_rasa, gof_rasa = compute_slope(freq_rasa_ap,  psd_aperiodics_ap[0,:], fit_func=fit_func)
                        ^^^^^^^^^^^^^^^^^^^^^^^^^^^^^^^^^^^^^^^^^^^^^^^^^^^^^^^^^^^^^^^^^^^^^^^
  File "/home/schmidtfa/git/pyrasa/paper/../../pyrasa/aperiodic_utils.py", line 83, in compute_slope
    p, _ = curve_fit(fit_f, freq, np.log10(psd)) 
           ^^^^^^^^^^^^^^^^^^^^^^^^^^^^^^^^^^^^^
  File "/home/schmidtfa/miniconda3/envs/pyrasa/lib/python3.12/site-packages/scipy/optimize/_minpack_py.py", line 982, in curve_fit
    raise RuntimeError("Optimal parameters not found: " + errmsg)
RuntimeError: Optimal parameters not found: Number of calls to function has reached maxfev = 1000.
