Executing Job 18038 on node06.scc-pilot.plus.ac.at
Running on: node06.scc-pilot.plus.ac.at
Running on CPUs: [2, 3]
Now running cluster_jobs.knee_simulations.knee_simulations
Parameters: []
Keyword Parameters: {'fit_func': 'knee', 'exponent_1': 0, 'n_seconds': 300, 'knee_freq': 20}
Job ID: 17873, Task ID: 165
Starting Job at 2024-04-01 09:50:08.358444
##########
/home/schmidtfa/git/pyrasa/paper/../../pyrasa/aperiodic_utils.py:26: RuntimeWarning: invalid value encountered in log10
  y_hat = a - np.log10(x**b1 * (k + x**b2))
/home/schmidtfa/git/pyrasa/paper/../../pyrasa/aperiodic_utils.py:26: RuntimeWarning: invalid value encountered in log10
  y_hat = a - np.log10(x**b1 * (k + x**b2))
##########
Job stopped at 2024-04-01 11:57:18.898399
Execution took 2:07:10.539955
Your job used an average of 1.00 CPUs
Your job asked for 1.86GB of RAM
Your job used a maximum of 0.27GB of RAM
You overestimated you memory usage by 579.89%.
