Executing Job 18380 on node07.scc-pilot.plus.ac.at
Running on: node07.scc-pilot.plus.ac.at
Running on CPUs: [6, 7]
Now running cluster_jobs.knee_simulations.knee_simulations
Parameters: []
Keyword Parameters: {'fit_func': 'knee', 'exponent_1': 1, 'n_seconds': 300, 'knee_freq': 14}
Job ID: 17873, Task ID: 507
Starting Job at 2024-04-01 09:51:46.072467
##########
/home/schmidtfa/git/pyrasa/paper/../../pyrasa/aperiodic_utils.py:26: RuntimeWarning: invalid value encountered in log10
  y_hat = a - np.log10(x**b1 * (k + x**b2))
/home/schmidtfa/git/pyrasa/paper/../../pyrasa/aperiodic_utils.py:26: RuntimeWarning: invalid value encountered in log10
  y_hat = a - np.log10(x**b1 * (k + x**b2))
/home/schmidtfa/git/pyrasa/paper/../../pyrasa/aperiodic_utils.py:26: RuntimeWarning: invalid value encountered in log10
  y_hat = a - np.log10(x**b1 * (k + x**b2))
/home/schmidtfa/git/pyrasa/paper/../../pyrasa/aperiodic_utils.py:26: RuntimeWarning: invalid value encountered in log10
  y_hat = a - np.log10(x**b1 * (k + x**b2))
/home/schmidtfa/git/pyrasa/paper/../../pyrasa/aperiodic_utils.py:26: RuntimeWarning: invalid value encountered in log10
  y_hat = a - np.log10(x**b1 * (k + x**b2))
/home/schmidtfa/git/pyrasa/paper/../../pyrasa/aperiodic_utils.py:26: RuntimeWarning: invalid value encountered in log10
  y_hat = a - np.log10(x**b1 * (k + x**b2))
/home/schmidtfa/git/pyrasa/paper/../../pyrasa/aperiodic_utils.py:26: RuntimeWarning: invalid value encountered in log10
  y_hat = a - np.log10(x**b1 * (k + x**b2))
/home/schmidtfa/git/pyrasa/paper/../../pyrasa/aperiodic_utils.py:26: RuntimeWarning: invalid value encountered in log10
  y_hat = a - np.log10(x**b1 * (k + x**b2))
/home/schmidtfa/git/pyrasa/paper/../../pyrasa/aperiodic_utils.py:26: RuntimeWarning: invalid value encountered in log10
  y_hat = a - np.log10(x**b1 * (k + x**b2))
/home/schmidtfa/git/pyrasa/paper/../../pyrasa/aperiodic_utils.py:26: RuntimeWarning: invalid value encountered in log10
  y_hat = a - np.log10(x**b1 * (k + x**b2))
/home/schmidtfa/git/pyrasa/paper/../../pyrasa/aperiodic_utils.py:26: RuntimeWarning: invalid value encountered in log10
  y_hat = a - np.log10(x**b1 * (k + x**b2))
/home/schmidtfa/git/pyrasa/paper/../../pyrasa/aperiodic_utils.py:26: RuntimeWarning: invalid value encountered in log10
  y_hat = a - np.log10(x**b1 * (k + x**b2))
/home/schmidtfa/git/pyrasa/paper/../../pyrasa/aperiodic_utils.py:26: RuntimeWarning: invalid value encountered in log10
  y_hat = a - np.log10(x**b1 * (k + x**b2))
/home/schmidtfa/git/pyrasa/paper/../../pyrasa/aperiodic_utils.py:26: RuntimeWarning: invalid value encountered in log10
  y_hat = a - np.log10(x**b1 * (k + x**b2))
##########
Job stopped at 2024-04-01 11:42:29.385903
Execution took 1:50:43.313436
Your job used an average of 1.00 CPUs
Your job asked for 1.86GB of RAM
Your job used a maximum of 0.29GB of RAM
You overestimated you memory usage by 548.54%.
