Executing Job 17919 on node02.scc-pilot.plus.ac.at
Running on: node02.scc-pilot.plus.ac.at
Running on CPUs: [4, 5]
Now running cluster_jobs.knee_simulations.knee_simulations
Parameters: []
Keyword Parameters: {'fit_func': 'knee', 'exponent_1': 0, 'n_seconds': 8, 'knee_freq': 17}
Job ID: 17873, Task ID: 46
Starting Job at 2024-04-01 09:50:09.253688
##########
/home/schmidtfa/git/pyrasa/paper/../../pyrasa/aperiodic_utils.py:26: RuntimeWarning: invalid value encountered in log10
  y_hat = a - np.log10(x**b1 * (k + x**b2))
/home/schmidtfa/git/pyrasa/paper/../../pyrasa/aperiodic_utils.py:26: RuntimeWarning: invalid value encountered in log10
  y_hat = a - np.log10(x**b1 * (k + x**b2))
##########
Job stopped at 2024-04-01 09:50:17.664760
Execution took 0:00:08.411072
Your job used an average of 1.35 CPUs
Your job asked for 1.86GB of RAM
Your job used a maximum of 0.22GB of RAM
You overestimated you memory usage by 728.20%.
