Executing Job 18317 on node08.scc-pilot.plus.ac.at
Running on: node08.scc-pilot.plus.ac.at
Running on CPUs: [38, 39]
Now running cluster_jobs.knee_simulations.knee_simulations
Parameters: []
Keyword Parameters: {'fit_func': 'knee', 'exponent_1': 1, 'n_seconds': 60, 'knee_freq': 9}
Job ID: 17873, Task ID: 444
Starting Job at 2024-04-01 09:51:07.037295
##########
/home/schmidtfa/git/pyrasa/paper/../../pyrasa/aperiodic_utils.py:26: RuntimeWarning: invalid value encountered in log10
  y_hat = a - np.log10(x**b1 * (k + x**b2))
/home/schmidtfa/git/pyrasa/paper/../../pyrasa/aperiodic_utils.py:26: RuntimeWarning: invalid value encountered in log10
  y_hat = a - np.log10(x**b1 * (k + x**b2))
/home/schmidtfa/git/pyrasa/paper/../../pyrasa/aperiodic_utils.py:26: RuntimeWarning: invalid value encountered in log10
  y_hat = a - np.log10(x**b1 * (k + x**b2))
/home/schmidtfa/git/pyrasa/paper/../../pyrasa/aperiodic_utils.py:26: RuntimeWarning: invalid value encountered in log10
  y_hat = a - np.log10(x**b1 * (k + x**b2))
/home/schmidtfa/git/pyrasa/paper/../../pyrasa/aperiodic_utils.py:26: RuntimeWarning: invalid value encountered in log10
  y_hat = a - np.log10(x**b1 * (k + x**b2))
/home/schmidtfa/git/pyrasa/paper/../../pyrasa/aperiodic_utils.py:26: RuntimeWarning: invalid value encountered in log10
  y_hat = a - np.log10(x**b1 * (k + x**b2))
/home/schmidtfa/git/pyrasa/paper/../../pyrasa/aperiodic_utils.py:26: RuntimeWarning: invalid value encountered in log10
  y_hat = a - np.log10(x**b1 * (k + x**b2))
##########
Job stopped at 2024-04-01 09:55:30.853578
Execution took 0:04:23.816283
Your job used an average of 1.01 CPUs
Your job asked for 1.86GB of RAM
Your job used a maximum of 0.24GB of RAM
You overestimated you memory usage by 676.18%.
