Executing Job 18005 on node04.scc-pilot.plus.ac.at
Running on: node04.scc-pilot.plus.ac.at
Running on CPUs: [56, 57]
Now running cluster_jobs.knee_simulations.knee_simulations
Parameters: []
Keyword Parameters: {'fit_func': 'knee', 'exponent_1': 0, 'n_seconds': 180, 'knee_freq': 16}
Job ID: 17873, Task ID: 132
Starting Job at 2024-04-01 09:50:09.262989
##########
/home/schmidtfa/git/pyrasa/paper/../../pyrasa/aperiodic_utils.py:26: RuntimeWarning: invalid value encountered in log10
  y_hat = a - np.log10(x**b1 * (k + x**b2))
/home/schmidtfa/git/pyrasa/paper/../../pyrasa/aperiodic_utils.py:26: RuntimeWarning: invalid value encountered in log10
  y_hat = a - np.log10(x**b1 * (k + x**b2))
##########
Job stopped at 2024-04-01 10:32:23.690663
Execution took 0:42:14.427674
Your job used an average of 1.00 CPUs
Your job asked for 1.86GB of RAM
Your job used a maximum of 0.26GB of RAM
You overestimated you memory usage by 614.02%.
