Executing Job 17932 on node02.scc-pilot.plus.ac.at
Running on: node02.scc-pilot.plus.ac.at
Running on CPUs: [30, 31]
Now running cluster_jobs.knee_simulations.knee_simulations
Parameters: []
Keyword Parameters: {'fit_func': 'knee', 'exponent_1': 0, 'n_seconds': 30, 'knee_freq': 1}
Job ID: 17873, Task ID: 59
Starting Job at 2024-04-01 09:50:08.507438
##########
/home/schmidtfa/git/pyrasa/paper/../../pyrasa/aperiodic_utils.py:26: RuntimeWarning: invalid value encountered in log10
  y_hat = a - np.log10(x**b1 * (k + x**b2))
/home/schmidtfa/git/pyrasa/paper/../../pyrasa/aperiodic_utils.py:26: RuntimeWarning: invalid value encountered in log10
  y_hat = a - np.log10(x**b1 * (k + x**b2))
##########
Job stopped at 2024-04-01 09:51:19.387372
Execution took 0:01:10.879934
Your job used an average of 1.04 CPUs
Your job asked for 1.86GB of RAM
Your job used a maximum of 0.22GB of RAM
You overestimated you memory usage by 730.58%.
