Executing Job 18202 on node10.scc-pilot.plus.ac.at
Running on: node10.scc-pilot.plus.ac.at
Running on CPUs: [19, 20]
Now running cluster_jobs.knee_simulations.knee_simulations
Parameters: []
Keyword Parameters: {'fit_func': 'knee', 'exponent_1': 0.5, 'n_seconds': 300, 'knee_freq': 10}
Job ID: 17873, Task ID: 329
Starting Job at 2024-04-01 09:50:18.973994
##########
/home/schmidtfa/git/pyrasa/paper/../../pyrasa/aperiodic_utils.py:26: RuntimeWarning: invalid value encountered in log10
  y_hat = a - np.log10(x**b1 * (k + x**b2))
/home/schmidtfa/git/pyrasa/paper/../../pyrasa/aperiodic_utils.py:26: RuntimeWarning: invalid value encountered in log10
  y_hat = a - np.log10(x**b1 * (k + x**b2))
/home/schmidtfa/git/pyrasa/paper/../../pyrasa/aperiodic_utils.py:26: RuntimeWarning: invalid value encountered in log10
  y_hat = a - np.log10(x**b1 * (k + x**b2))
/home/schmidtfa/git/pyrasa/paper/../../pyrasa/aperiodic_utils.py:26: RuntimeWarning: invalid value encountered in log10
  y_hat = a - np.log10(x**b1 * (k + x**b2))
/home/schmidtfa/git/pyrasa/paper/../../pyrasa/aperiodic_utils.py:26: RuntimeWarning: invalid value encountered in log10
  y_hat = a - np.log10(x**b1 * (k + x**b2))
/home/schmidtfa/git/pyrasa/paper/../../pyrasa/aperiodic_utils.py:26: RuntimeWarning: invalid value encountered in log10
  y_hat = a - np.log10(x**b1 * (k + x**b2))
/home/schmidtfa/git/pyrasa/paper/../../pyrasa/aperiodic_utils.py:26: RuntimeWarning: invalid value encountered in log10
  y_hat = a - np.log10(x**b1 * (k + x**b2))
/home/schmidtfa/git/pyrasa/paper/../../pyrasa/aperiodic_utils.py:26: RuntimeWarning: invalid value encountered in log10
  y_hat = a - np.log10(x**b1 * (k + x**b2))
/home/schmidtfa/git/pyrasa/paper/../../pyrasa/aperiodic_utils.py:26: RuntimeWarning: invalid value encountered in log10
  y_hat = a - np.log10(x**b1 * (k + x**b2))
/home/schmidtfa/git/pyrasa/paper/../../pyrasa/aperiodic_utils.py:26: RuntimeWarning: invalid value encountered in log10
  y_hat = a - np.log10(x**b1 * (k + x**b2))
/home/schmidtfa/git/pyrasa/paper/../../pyrasa/aperiodic_utils.py:26: RuntimeWarning: invalid value encountered in log10
  y_hat = a - np.log10(x**b1 * (k + x**b2))
/home/schmidtfa/git/pyrasa/paper/../../pyrasa/aperiodic_utils.py:26: RuntimeWarning: invalid value encountered in log10
  y_hat = a - np.log10(x**b1 * (k + x**b2))
/home/schmidtfa/git/pyrasa/paper/../../pyrasa/aperiodic_utils.py:26: RuntimeWarning: invalid value encountered in log10
  y_hat = a - np.log10(x**b1 * (k + x**b2))
/home/schmidtfa/git/pyrasa/paper/../../pyrasa/aperiodic_utils.py:26: RuntimeWarning: invalid value encountered in log10
  y_hat = a - np.log10(x**b1 * (k + x**b2))
##########
Job stopped at 2024-04-01 11:30:00.243737
Execution took 1:39:41.269743
Your job used an average of 1.00 CPUs
Your job asked for 1.86GB of RAM
Your job used a maximum of 0.29GB of RAM
You overestimated you memory usage by 544.60%.
