Executing Job 18032 on node05.scc-pilot.plus.ac.at
Running on: node05.scc-pilot.plus.ac.at
Running on CPUs: [50, 51]
Now running cluster_jobs.knee_simulations.knee_simulations
Parameters: []
Keyword Parameters: {'fit_func': 'knee', 'exponent_1': 0, 'n_seconds': 300, 'knee_freq': 14}
Job ID: 17873, Task ID: 159
Starting Job at 2024-04-01 09:50:07.943781
##########
/home/schmidtfa/git/pyrasa/paper/../../pyrasa/aperiodic_utils.py:26: RuntimeWarning: invalid value encountered in log10
  y_hat = a - np.log10(x**b1 * (k + x**b2))
/home/schmidtfa/git/pyrasa/paper/../../pyrasa/aperiodic_utils.py:26: RuntimeWarning: invalid value encountered in log10
  y_hat = a - np.log10(x**b1 * (k + x**b2))
##########
Job stopped at 2024-04-01 11:54:52.974888
Execution took 2:04:45.031107
Your job used an average of 1.00 CPUs
Your job asked for 1.86GB of RAM
Your job used a maximum of 0.28GB of RAM
You overestimated you memory usage by 564.92%.
