Executing Job 18078 on node10.scc-pilot.plus.ac.at
Running on: node10.scc-pilot.plus.ac.at
Running on CPUs: [21, 22]
Now running cluster_jobs.knee_simulations.knee_simulations
Parameters: []
Keyword Parameters: {'fit_func': 'knee', 'exponent_1': 0.5, 'n_seconds': 8, 'knee_freq': 2}
Job ID: 17873, Task ID: 205
Starting Job at 2024-04-01 09:50:06.753050
##########
/home/schmidtfa/git/pyrasa/paper/../../pyrasa/aperiodic_utils.py:26: RuntimeWarning: invalid value encountered in log10
  y_hat = a - np.log10(x**b1 * (k + x**b2))
/home/schmidtfa/git/pyrasa/paper/../../pyrasa/aperiodic_utils.py:26: RuntimeWarning: invalid value encountered in log10
  y_hat = a - np.log10(x**b1 * (k + x**b2))
##########
Job stopped at 2024-04-01 09:50:13.784382
Execution took 0:00:07.031332
Your job used an average of 1.29 CPUs
Your job asked for 1.86GB of RAM
Your job used a maximum of 0.22GB of RAM
You overestimated you memory usage by 727.81%.
